<?xml version="1.0" encoding="UTF-8"?>
<!-- Generated by org.testng.reporters.JUnitReportReporter -->
<testsuite skipped="0" hostname="ChethanBidare-pc" name="c2info_ElMob.LoginPageTC.verifylogin" tests="2" failures="0" timestamp="17 Feb 2018 11:59:29 GMT" time="151.354" errors="0">
  <testcase name="login" time="71.399" classname="c2info_ElMob.LoginPageTC.verifylogin"/>
  <testcase name="tabcheck" time="79.955" classname="c2info_ElMob.LoginPageTC.verifylogin"/>
</testsuite> <!-- c2info_ElMob.LoginPageTC.verifylogin -->
